::1 - - [16/Jun/2024:17:07:04 +0300] "GET / HTTP/1.1" 403 301
::1 - - [16/Jun/2024:17:07:04 +0300] "GET /favicon.ico HTTP/1.1" 404 298
::1 - - [16/Jun/2024:17:08:30 +0300] "GET / HTTP/1.1" 403 301
::1 - - [16/Jun/2024:17:09:47 +0300] "GET / HTTP/1.1" 200 22
::1 - - [16/Jun/2024:17:12:16 +0300] "GET / HTTP/1.1" 200 3078
::1 - - [16/Jun/2024:17:15:26 +0300] "GET /index HTTP/1.1" 200 3049
::1 - - [16/Jun/2024:17:24:01 +0300] "GET /index?x=10 HTTP/1.1" 200 33
::1 - - [16/Jun/2024:17:24:37 +0300] "GET /index?x=10 HTTP/1.1" 200 33
::1 - - [16/Jun/2024:17:25:07 +0300] "GET /index?x=10 HTTP/1.1" 200 33
::1 - - [16/Jun/2024:17:25:08 +0300] "GET /index?x=10 HTTP/1.1" 200 33
::1 - - [16/Jun/2024:17:25:14 +0300] "GET /index?x=10 HTTP/1.1" 200 11
::1 - - [16/Jun/2024:17:25:41 +0300] "GET /index?x=10 HTTP/1.1" 200 22
::1 - - [16/Jun/2024:17:26:11 +0300] "GET /index?x=10 HTTP/1.1" 200 22
::1 - - [16/Jun/2024:17:26:12 +0300] "GET /index?x=10 HTTP/1.1" 200 22
::1 - - [16/Jun/2024:17:26:51 +0300] "GET /index?x=10 HTTP/1.1" 200 3155
::1 - - [16/Jun/2024:17:27:36 +0300] "GET /index?x=10 HTTP/1.1" 200 11
::1 - - [16/Jun/2024:17:28:54 +0300] "GET /index?x=10 HTTP/1.1" 200 6
::1 - - [16/Jun/2024:17:40:33 +0300] "GET /index?x=10 HTTP/1.1" 200 -
::1 - - [16/Jun/2024:17:40:35 +0300] "GET /index?x=10 HTTP/1.1" 200 -
::1 - - [16/Jun/2024:17:40:56 +0300] "GET /index?x=10 HTTP/1.1" 200 6
::1 - - [16/Jun/2024:17:44:41 +0300] "GET /index?x=10 HTTP/1.1" 200 121
::1 - - [16/Jun/2024:17:44:54 +0300] "GET /index?x=10 HTTP/1.1" 200 121
::1 - - [16/Jun/2024:17:44:57 +0300] "GET /index?x=10 HTTP/1.1" 200 121
::1 - - [16/Jun/2024:17:45:03 +0300] "GET /index?x=10 HTTP/1.1" 200 44
::1 - - [16/Jun/2024:18:03:58 +0300] "GET /index?x=10 HTTP/1.1" 200 291
::1 - - [16/Jun/2024:18:04:21 +0300] "GET /index?x=10 HTTP/1.1" 200 38
::1 - - [16/Jun/2024:18:27:40 +0300] "GET /index?x=10 HTTP/1.1" 200 38
::1 - - [16/Jun/2024:18:27:44 +0300] "GET / HTTP/1.1" 200 33
::1 - - [16/Jun/2024:18:28:25 +0300] "GET / HTTP/1.1" 200 37
::1 - - [16/Jun/2024:18:28:34 +0300] "GET / HTTP/1.1" 200 37
::1 - - [16/Jun/2024:18:28:38 +0300] "GET /index?x=10 HTTP/1.1" 200 38
::1 - - [16/Jun/2024:18:29:58 +0300] "GET /index/676?x=10 HTTP/1.1" 200 36
::1 - - [16/Jun/2024:18:31:38 +0300] "GET /index/676?x=10 HTTP/1.1" 200 44
::1 - - [16/Jun/2024:18:32:11 +0300] "GET /index/676?x=10 HTTP/1.1" 200 46
::1 - - [16/Jun/2024:19:25:46 +0300] "GET /index/676/hello?x=10 HTTP/1.1" 200 51
::1 - - [16/Jun/2024:19:28:15 +0300] "GET /index/0 HTTP/1.1" 200 50
::1 - - [16/Jun/2024:19:28:25 +0300] "GET /index/0 HTTP/1.1" 200 38
::1 - - [16/Jun/2024:19:28:44 +0300] "GET /main/hello/0 HTTP/1.1" 200 37
::1 - - [17/Jun/2024:10:08:58 +0300] "GET /main/hello/0 HTTP/1.1" 200 44
::1 - - [17/Jun/2024:10:09:11 +0300] "GET / HTTP/1.1" 200 44
::1 - - [17/Jun/2024:10:09:19 +0300] "GET / HTTP/1.1" 200 45
::1 - - [17/Jun/2024:10:09:27 +0300] "GET /shop/ HTTP/1.1" 200 49
::1 - - [17/Jun/2024:10:09:56 +0300] "GET / HTTP/1.1" 200 45
::1 - - [17/Jun/2024:10:10:09 +0300] "GET /shop/ HTTP/1.1" 200 49
::1 - - [17/Jun/2024:10:18:23 +0300] "GET /shop/ HTTP/1.1" 200 3
::1 - - [17/Jun/2024:10:18:27 +0300] "GET / HTTP/1.1" 200 85
::1 - - [17/Jun/2024:10:19:40 +0300] "GET /1 HTTP/1.1" 200 3
::1 - - [17/Jun/2024:10:19:43 +0300] "GET / HTTP/1.1" 200 85
::1 - - [17/Jun/2024:10:19:46 +0300] "GET /main/1 HTTP/1.1" 200 85
::1 - - [17/Jun/2024:10:20:36 +0300] "GET /main/1 HTTP/1.1" 200 94
::1 - - [17/Jun/2024:10:20:48 +0300] "GET /main/1 HTTP/1.1" 200 90
::1 - - [17/Jun/2024:10:23:53 +0300] "GET /main/1 HTTP/1.1" 200 120
::1 - - [17/Jun/2024:10:24:09 +0300] "GET /main/1 HTTP/1.1" 200 120
::1 - - [17/Jun/2024:10:24:13 +0300] "GET /main/1 HTTP/1.1" 200 125
::1 - - [17/Jun/2024:10:30:13 +0300] "GET /main/1 HTTP/1.1" 200 125
::1 - - [17/Jun/2024:10:30:14 +0300] "GET /main/1 HTTP/1.1" 200 125
::1 - - [17/Jun/2024:10:30:19 +0300] "GET / HTTP/1.1" 200 125
::1 - - [17/Jun/2024:10:33:15 +0300] "GET / HTTP/1.1" 200 125
::1 - - [17/Jun/2024:10:33:22 +0300] "GET /shop/ HTTP/1.1" 200 3
::1 - - [17/Jun/2024:10:33:25 +0300] "GET / HTTP/1.1" 200 125
::1 - - [17/Jun/2024:10:33:27 +0300] "GET /main/1 HTTP/1.1" 200 125
::1 - - [17/Jun/2024:10:33:36 +0300] "GET /main/1 HTTP/1.1" 200 131
::1 - - [17/Jun/2024:10:40:51 +0300] "GET /main/1 HTTP/1.1" 200 526
::1 - - [17/Jun/2024:10:41:29 +0300] "GET /main/1 HTTP/1.1" 200 125
::1 - - [17/Jun/2024:10:46:59 +0300] "GET /main/1 HTTP/1.1" 200 132
::1 - - [17/Jun/2024:10:47:05 +0300] "GET /main/intro HTTP/1.1" 200 136
::1 - - [17/Jun/2024:10:54:49 +0300] "GET /main/intro HTTP/1.1" 200 136
::1 - - [17/Jun/2024:10:54:57 +0300] "GET /main/intro HTTP/1.1" 200 136
::1 - - [17/Jun/2024:11:00:14 +0300] "GET /%D1%96%D1%80%D1%89/intro HTTP/1.1" 200 3
::1 - - [17/Jun/2024:11:00:17 +0300] "GET / HTTP/1.1" 200 136
::1 - - [17/Jun/2024:11:00:21 +0300] "GET /%D1%88%D1%82%D0%B5%D0%BA%D1%89 HTTP/1.1" 200 3
::1 - - [17/Jun/2024:11:00:23 +0300] "GET / HTTP/1.1" 200 136
::1 - - [17/Jun/2024:11:08:37 +0300] "GET / HTTP/1.1" 200 136
::1 - - [17/Jun/2024:11:08:42 +0300] "GET /pst HTTP/1.1" 200 3
::1 - - [17/Jun/2024:11:08:51 +0300] "GET / HTTP/1.1" 200 136
::1 - - [17/Jun/2024:11:08:56 +0300] "GET /main/post HTTP/1.1" 200 135
::1 - - [17/Jun/2024:11:57:06 +0300] "GET / HTTP/1.1" 200 326
::1 - - [17/Jun/2024:12:00:51 +0300] "GET / HTTP/1.1" 200 136
::1 - - [17/Jun/2024:12:01:43 +0300] "GET / HTTP/1.1" 200 136
::1 - - [17/Jun/2024:12:01:44 +0300] "GET / HTTP/1.1" 200 136
::1 - - [17/Jun/2024:12:03:11 +0300] "GET / HTTP/1.1" 200 326
::1 - - [17/Jun/2024:12:12:26 +0300] "GET / HTTP/1.1" 200 247
::1 - - [17/Jun/2024:12:12:49 +0300] "GET / HTTP/1.1" 200 130
::1 - - [17/Jun/2024:12:13:41 +0300] "GET / HTTP/1.1" 200 147
::1 - - [17/Jun/2024:12:13:56 +0300] "GET /main HTTP/1.1" 200 147
::1 - - [17/Jun/2024:12:19:35 +0300] "GET /main HTTP/1.1" 200 326
::1 - - [17/Jun/2024:12:28:48 +0300] "GET /main HTTP/1.1" 200 326
::1 - - [17/Jun/2024:12:29:54 +0300] "GET /main HTTP/1.1" 200 231
::1 - - [17/Jun/2024:12:36:47 +0300] "GET /main HTTP/1.1" 200 231
::1 - - [17/Jun/2024:12:36:50 +0300] "GET /admin HTTP/1.1" 200 45
::1 - - [17/Jun/2024:12:37:49 +0300] "GET /admin HTTP/1.1" 200 20
::1 - - [17/Jun/2024:12:44:35 +0300] "GET /admin HTTP/1.1" 200 20
::1 - - [17/Jun/2024:12:44:36 +0300] "GET /admin HTTP/1.1" 200 20
::1 - - [17/Jun/2024:12:44:38 +0300] "GET / HTTP/1.1" 200 231
::1 - - [17/Jun/2024:12:44:49 +0300] "GET / HTTP/1.1" 200 231
::1 - - [17/Jun/2024:12:44:50 +0300] "GET / HTTP/1.1" 200 231
::1 - - [17/Jun/2024:12:48:25 +0300] "GET / HTTP/1.1" 200 573
::1 - - [17/Jun/2024:12:48:47 +0300] "GET /admin HTTP/1.1" 200 362
::1 - - [17/Jun/2024:13:51:46 +0300] "GET /admin HTTP/1.1" 200 362
::1 - - [17/Jun/2024:13:51:49 +0300] "GET / HTTP/1.1" 200 573
::1 - - [17/Jun/2024:13:53:18 +0300] "GET / HTTP/1.1" 200 587
::1 - - [17/Jun/2024:13:53:37 +0300] "GET /main/1 HTTP/1.1" 200 35
::1 - - [17/Jun/2024:13:53:41 +0300] "GET /main/ HTTP/1.1" 200 587
::1 - - [17/Jun/2024:13:54:08 +0300] "GET /main/ HTTP/1.1" 200 606
::1 - - [17/Jun/2024:13:54:16 +0300] "GET /main/ HTTP/1.1" 200 606
::1 - - [17/Jun/2024:13:54:24 +0300] "GET / HTTP/1.1" 200 606
::1 - - [17/Jun/2024:13:56:16 +0300] "GET /admin HTTP/1.1" 200 361
::1 - - [17/Jun/2024:14:24:39 +0300] "GET /wwwroot/img/logo.png HTTP/1.1" 200 3
::1 - - [17/Jun/2024:14:36:42 +0300] "GET /wwwroot/img/logo.png HTTP/1.1" 200 3
::1 - - [17/Jun/2024:14:36:45 +0300] "GET / HTTP/1.1" 200 606
::1 - - [17/Jun/2024:14:37:20 +0300] "GET /img/logo.png HTTP/1.1" 200 133857
::1 - - [17/Jun/2024:14:43:39 +0300] "GET /img/logo HTTP/1.1" 200 3
::1 - - [17/Jun/2024:14:43:42 +0300] "GET /img/logo.png HTTP/1.1" 200 133873
::1 - - [17/Jun/2024:14:52:54 +0300] "GET /img/logo.png HTTP/1.1" 200 133857
::1 - - [17/Jun/2024:14:58:38 +0300] "GET / HTTP/1.1" 200 606
::1 - - [17/Jun/2024:14:58:41 +0300] "GET /img/logo.png HTTP/1.1" 200 9776
::1 - - [17/Jun/2024:15:05:34 +0300] "GET /img/logo.png HTTP/1.1" 200 9776
::1 - - [17/Jun/2024:15:05:43 +0300] "GET /img/favicon.ico HTTP/1.1" 403 14
::1 - - [17/Jun/2024:15:06:02 +0300] "GET /img/favicon.ico HTTP/1.1" 403 14
::1 - - [17/Jun/2024:15:06:10 +0300] "GET / HTTP/1.1" 200 1510
::1 - - [17/Jun/2024:15:06:11 +0300] "GET /css/fonts.css HTTP/1.1" 200 88140
::1 - - [17/Jun/2024:15:06:11 +0300] "GET /css/style.css HTTP/1.1" 200 279801
::1 - - [17/Jun/2024:15:06:11 +0300] "GET /img/favicon.ico HTTP/1.1" 403 14
::1 - - [17/Jun/2024:15:06:32 +0300] "GET / HTTP/1.1" 200 1518
::1 - - [17/Jun/2024:15:06:32 +0300] "GET /css/fonts.css HTTP/1.1" 200 88140
::1 - - [17/Jun/2024:15:06:32 +0300] "GET /css/style.css HTTP/1.1" 200 279801
::1 - - [17/Jun/2024:15:06:32 +0300] "GET /wwwroot/img/favicon.ico HTTP/1.1" 200 3
::1 - - [17/Jun/2024:15:08:15 +0300] "GET / HTTP/1.1" 200 1523
::1 - - [17/Jun/2024:15:08:15 +0300] "GET /css/fonts.css HTTP/1.1" 200 88140
::1 - - [17/Jun/2024:15:08:15 +0300] "GET /css/style.css HTTP/1.1" 200 279801
::1 - - [17/Jun/2024:15:08:15 +0300] "GET /www/wwwroot/img/favicon.ico HTTP/1.1" 200 3
::1 - - [17/Jun/2024:15:08:16 +0300] "GET / HTTP/1.1" 200 1523
::1 - - [17/Jun/2024:15:08:16 +0300] "GET /css/fonts.css HTTP/1.1" 200 88140
::1 - - [17/Jun/2024:15:08:16 +0300] "GET /css/style.css HTTP/1.1" 200 279801
::1 - - [17/Jun/2024:15:08:17 +0300] "GET /www/wwwroot/img/favicon.ico HTTP/1.1" 200 3
::1 - - [17/Jun/2024:15:08:33 +0300] "GET / HTTP/1.1" 200 1523
::1 - - [17/Jun/2024:15:08:33 +0300] "GET /css/fonts.css HTTP/1.1" 200 88140
::1 - - [17/Jun/2024:15:08:33 +0300] "GET /css/style.css HTTP/1.1" 200 279801
::1 - - [17/Jun/2024:15:08:33 +0300] "GET /www/wwwroot/img/favicon.ico HTTP/1.1" 200 3
::1 - - [17/Jun/2024:15:08:40 +0300] "GET / HTTP/1.1" 200 1523
::1 - - [17/Jun/2024:15:08:40 +0300] "GET /css/fonts.css HTTP/1.1" 200 88140
::1 - - [17/Jun/2024:15:08:40 +0300] "GET /css/style.css HTTP/1.1" 200 279801
::1 - - [17/Jun/2024:15:08:40 +0300] "GET /www/wwwroot/img/favicon.ico HTTP/1.1" 200 3
::1 - - [17/Jun/2024:15:09:28 +0300] "GET / HTTP/1.1" 200 1524
::1 - - [17/Jun/2024:15:09:28 +0300] "GET /css/fonts.css HTTP/1.1" 200 88140
::1 - - [17/Jun/2024:15:09:28 +0300] "GET /css/style.css HTTP/1.1" 200 279801
::1 - - [17/Jun/2024:15:09:28 +0300] "GET /www/wwwroot/img/favicon.ico HTTP/1.1" 200 3
::1 - - [17/Jun/2024:15:11:10 +0300] "GET / HTTP/1.1" 200 1519
::1 - - [17/Jun/2024:15:11:10 +0300] "GET /css/fonts.css HTTP/1.1" 200 88140
::1 - - [17/Jun/2024:15:11:10 +0300] "GET /css/style.css HTTP/1.1" 200 279801
::1 - - [17/Jun/2024:15:11:10 +0300] "GET /wwwroot/img/favicon.ico HTTP/1.1" 200 3
::1 - - [17/Jun/2024:15:11:16 +0300] "GET /css/fonts.css HTTP/1.1" 200 88140
::1 - - [17/Jun/2024:15:11:16 +0300] "GET /css/style.css HTTP/1.1" 200 279801
::1 - - [17/Jun/2024:15:12:02 +0300] "GET / HTTP/1.1" 200 1519
::1 - - [17/Jun/2024:15:12:02 +0300] "GET /css/fonts.css HTTP/1.1" 200 88140
::1 - - [17/Jun/2024:15:12:02 +0300] "GET /css/style.css HTTP/1.1" 200 279801
::1 - - [17/Jun/2024:15:12:02 +0300] "GET /wwwroot/img/favicon.ico HTTP/1.1" 200 3
::1 - - [17/Jun/2024:15:12:16 +0300] "GET /img/favicon.ico HTTP/1.1" 200 15086
::1 - - [17/Jun/2024:15:14:39 +0300] "GET /img/favicon.ico HTTP/1.1" 200 15086
::1 - - [17/Jun/2024:15:15:49 +0300] "GET / HTTP/1.1" 200 1519
::1 - - [17/Jun/2024:15:15:49 +0300] "GET /css/fonts.css HTTP/1.1" 200 88140
::1 - - [17/Jun/2024:15:15:49 +0300] "GET /css/style.css HTTP/1.1" 200 279801
::1 - - [17/Jun/2024:15:15:49 +0300] "GET /wwwroot/img/favicon.ico HTTP/1.1" 200 3
::1 - - [17/Jun/2024:15:16:55 +0300] "GET / HTTP/1.1" 200 1519
::1 - - [17/Jun/2024:15:16:55 +0300] "GET /css/fonts.css HTTP/1.1" 200 88140
::1 - - [17/Jun/2024:15:16:55 +0300] "GET /css/style.css HTTP/1.1" 200 279801
::1 - - [17/Jun/2024:15:16:55 +0300] "GET /wwwroot/img/favicon.ico HTTP/1.1" 200 3
::1 - - [17/Jun/2024:15:17:51 +0300] "GET / HTTP/1.1" 200 1519
::1 - - [17/Jun/2024:15:17:51 +0300] "GET /css/fonts.css HTTP/1.1" 200 88140
::1 - - [17/Jun/2024:15:17:51 +0300] "GET /css/style.css HTTP/1.1" 200 279801
::1 - - [17/Jun/2024:15:17:52 +0300] "GET /wwwroot/img/favicon.ico HTTP/1.1" 200 3
::1 - - [17/Jun/2024:15:18:34 +0300] "GET / HTTP/1.1" 200 1628
::1 - - [17/Jun/2024:15:18:34 +0300] "GET /css/fonts.css HTTP/1.1" 200 88140
::1 - - [17/Jun/2024:15:18:34 +0300] "GET /css/style.css HTTP/1.1" 200 279801
::1 - - [17/Jun/2024:15:18:34 +0300] "GET /wwwroot/img/favicon.ico HTTP/1.1" 200 3
::1 - - [17/Jun/2024:15:19:10 +0300] "GET / HTTP/1.1" 200 1525
::1 - - [17/Jun/2024:15:19:11 +0300] "GET /css/fonts.css HTTP/1.1" 200 88140
::1 - - [17/Jun/2024:15:19:11 +0300] "GET /css/style.css HTTP/1.1" 200 279801
::1 - - [17/Jun/2024:15:19:11 +0300] "GET /wwwroot/img/favicon.ico HTTP/1.1" 200 3
::1 - - [17/Jun/2024:15:19:32 +0300] "GET / HTTP/1.1" 200 1526
::1 - - [17/Jun/2024:15:19:32 +0300] "GET /css/fonts.css HTTP/1.1" 200 88140
::1 - - [17/Jun/2024:15:19:32 +0300] "GET /css/style.css HTTP/1.1" 200 279801
::1 - - [17/Jun/2024:15:19:33 +0300] "GET /wwwroot/img/favicon.ico HTTP/1.1" 200 3
::1 - - [17/Jun/2024:15:20:02 +0300] "GET / HTTP/1.1" 200 1517
::1 - - [17/Jun/2024:15:20:02 +0300] "GET /css/fonts.css HTTP/1.1" 200 88140
::1 - - [17/Jun/2024:15:20:02 +0300] "GET /css/style.css HTTP/1.1" 200 279801
::1 - - [17/Jun/2024:15:20:02 +0300] "GET /img/favicon.ico HTTP/1.1" 200 15086
::1 - - [17/Jun/2024:15:21:18 +0300] "GET / HTTP/1.1" 200 39191
::1 - - [17/Jun/2024:15:21:18 +0300] "GET /images/team-9-246x300.jpg HTTP/1.1" 200 3
::1 - - [17/Jun/2024:15:21:18 +0300] "GET /images/home-2-342x338.jpg HTTP/1.1" 200 3
::1 - - [17/Jun/2024:15:21:18 +0300] "GET /css/fonts.css HTTP/1.1" 200 88140
::1 - - [17/Jun/2024:15:21:18 +0300] "GET /css/style.css HTTP/1.1" 200 279801
::1 - - [17/Jun/2024:15:21:18 +0300] "GET /images/team-10-246x300.jpg HTTP/1.1" 200 3
::1 - - [17/Jun/2024:15:21:18 +0300] "GET /images/home-4-472x753.png HTTP/1.1" 200 3
::1 - - [17/Jun/2024:15:21:18 +0300] "GET /images/team-11-246x300.jpg HTTP/1.1" 200 3
::1 - - [17/Jun/2024:15:21:18 +0300] "GET /js/core.min.js HTTP/1.1" 200 3
::1 - - [17/Jun/2024:15:21:18 +0300] "GET /images/logo-default-143x27.png HTTP/1.1" 200 3
::1 - - [17/Jun/2024:15:21:18 +0300] "GET /js/script.js HTTP/1.1" 200 3
::1 - - [17/Jun/2024:15:21:18 +0300] "GET /images/clients-testimonials-2-68x68.jpg HTTP/1.1" 200 3
::1 - - [17/Jun/2024:15:21:18 +0300] "GET /images/clients-testimonials-1-68x68.jpg HTTP/1.1" 200 3
::1 - - [17/Jun/2024:15:21:18 +0300] "GET /images/home-6-268x182.jpg HTTP/1.1" 200 3
::1 - - [17/Jun/2024:15:21:18 +0300] "GET /images/home-5-268x182.jpg HTTP/1.1" 200 3
::1 - - [17/Jun/2024:15:21:18 +0300] "GET /images/home-7-268x182.jpg HTTP/1.1" 200 3
::1 - - [17/Jun/2024:15:21:18 +0300] "GET /images/banner/foreground-03-3200x620.png HTTP/1.1" 200 3
::1 - - [17/Jun/2024:15:21:18 +0300] "GET /images/home-8-268x182.jpg HTTP/1.1" 200 3
::1 - - [17/Jun/2024:15:21:18 +0300] "GET /images/logo-inverse-143x28.png HTTP/1.1" 200 3
::1 - - [17/Jun/2024:15:21:18 +0300] "GET /images/post-preview-4-70x70.jpg HTTP/1.1" 200 3
::1 - - [17/Jun/2024:15:21:18 +0300] "GET /images/post-preview-5-70x70.jpg HTTP/1.1" 200 3
::1 - - [17/Jun/2024:15:21:18 +0300] "GET /images/home-1.jpg HTTP/1.1" 200 3
::1 - - [17/Jun/2024:15:21:18 +0300] "GET /images/banner/background-03-3840x620.jpg HTTP/1.1" 200 3
::1 - - [17/Jun/2024:15:21:18 +0300] "GET /fonts/fl-flat-icons-set-2.woff HTTP/1.1" 403 14
::1 - - [17/Jun/2024:15:21:18 +0300] "GET /fonts/Mercury-Regular.woff?62418065 HTTP/1.1" 200 3
::1 - - [17/Jun/2024:15:21:18 +0300] "GET /fonts/MaterialIcons-Regular.woff2 HTTP/1.1" 403 14
::1 - - [17/Jun/2024:15:21:18 +0300] "GET /fonts/fontawesome-webfont.woff2?v=4.5.0 HTTP/1.1" 200 3
::1 - - [17/Jun/2024:15:21:18 +0300] "GET /fonts/Mercury-Regular.ttf?62418065 HTTP/1.1" 200 3
::1 - - [17/Jun/2024:15:21:18 +0300] "GET /fonts/fontawesome-webfont.woff?v=4.5.0 HTTP/1.1" 200 3
::1 - - [17/Jun/2024:15:21:18 +0300] "GET /fonts/fl-flat-icons-set-2.ttf HTTP/1.1" 403 14
::1 - - [17/Jun/2024:15:21:18 +0300] "GET /fonts/MaterialIcons-Regular.woff HTTP/1.1" 403 14
::1 - - [17/Jun/2024:15:21:18 +0300] "GET /fonts/fontawesome-webfont.ttf?v=4.5.0 HTTP/1.1" 200 3
::1 - - [17/Jun/2024:15:21:18 +0300] "GET /fonts/MaterialIcons-Regular.ttf HTTP/1.1" 403 14
::1 - - [17/Jun/2024:15:21:19 +0300] "GET /img/favicon.ico HTTP/1.1" 200 15086
::1 - - [17/Jun/2024:15:22:59 +0300] "GET / HTTP/1.1" 200 5291
::1 - - [17/Jun/2024:15:22:59 +0300] "GET /css/fonts.css HTTP/1.1" 200 88140
::1 - - [17/Jun/2024:15:22:59 +0300] "GET /css/style.css HTTP/1.1" 200 279801
::1 - - [17/Jun/2024:15:22:59 +0300] "GET /images/logo-default-143x27.png HTTP/1.1" 200 3
::1 - - [17/Jun/2024:15:22:59 +0300] "GET /img/favicon.ico HTTP/1.1" 200 15086
::1 - - [17/Jun/2024:15:24:16 +0300] "GET / HTTP/1.1" 200 5293
::1 - - [17/Jun/2024:15:24:16 +0300] "GET /css/fonts.css HTTP/1.1" 200 88140
::1 - - [17/Jun/2024:15:24:16 +0300] "GET /css/style.css HTTP/1.1" 200 279801
::1 - - [17/Jun/2024:15:24:16 +0300] "GET /images/logo-default-143x27.png HTTP/1.1" 200 3
::1 - - [17/Jun/2024:15:24:16 +0300] "GET /img/favicon.ico HTTP/1.1" 200 15086
::1 - - [17/Jun/2024:15:27:31 +0300] "GET / HTTP/1.1" 200 5432
::1 - - [17/Jun/2024:15:27:31 +0300] "GET /css/fonts.css HTTP/1.1" 200 88140
::1 - - [17/Jun/2024:15:27:31 +0300] "GET /css/style.css HTTP/1.1" 200 279801
::1 - - [17/Jun/2024:15:27:31 +0300] "GET /js/core.min.js HTTP/1.1" 200 3
::1 - - [17/Jun/2024:15:27:31 +0300] "GET /js/script.js HTTP/1.1" 200 3
::1 - - [17/Jun/2024:15:27:32 +0300] "GET /images/logo-default-143x27.png HTTP/1.1" 200 3
::1 - - [17/Jun/2024:15:27:32 +0300] "GET /img/favicon.ico HTTP/1.1" 200 15086
::1 - - [17/Jun/2024:15:28:42 +0300] "GET / HTTP/1.1" 200 1529
::1 - - [17/Jun/2024:15:28:42 +0300] "GET /css/fonts.css HTTP/1.1" 200 3
::1 - - [17/Jun/2024:15:28:42 +0300] "GET /css/style.css HTTP/1.1" 200 3
::1 - - [17/Jun/2024:15:28:42 +0300] "GET /img/favicon.ico HTTP/1.1" 200 15086
::1 - - [17/Jun/2024:15:28:51 +0300] "GET / HTTP/1.1" 200 1539
::1 - - [17/Jun/2024:15:28:51 +0300] "GET /css/style.css HTTP/1.1" 200 3
::1 - - [17/Jun/2024:15:28:51 +0300] "GET /css/fonts.css HTTP/1.1" 200 3
::1 - - [17/Jun/2024:15:28:51 +0300] "GET /img/favicon.ico HTTP/1.1" 200 15086
::1 - - [17/Jun/2024:15:29:20 +0300] "GET / HTTP/1.1" 200 1240
::1 - - [17/Jun/2024:15:29:21 +0300] "GET /img/favicon.ico HTTP/1.1" 200 15086
::1 - - [17/Jun/2024:15:36:24 +0300] "GET / HTTP/1.1" 200 1519
::1 - - [17/Jun/2024:15:36:24 +0300] "GET /img/logo.png HTTP/1.1" 200 9776
::1 - - [17/Jun/2024:15:36:24 +0300] "GET /img/favicon.ico HTTP/1.1" 200 15086
::1 - - [17/Jun/2024:15:36:53 +0300] "GET / HTTP/1.1" 200 1558
::1 - - [17/Jun/2024:15:36:53 +0300] "GET /img/logo.png HTTP/1.1" 200 9776
::1 - - [17/Jun/2024:15:36:54 +0300] "GET /img/favicon.ico HTTP/1.1" 200 15086
::1 - - [17/Jun/2024:15:38:09 +0300] "GET / HTTP/1.1" 200 1558
::1 - - [17/Jun/2024:15:38:09 +0300] "GET /img/logo.png HTTP/1.1" 200 9776
::1 - - [17/Jun/2024:15:38:09 +0300] "GET /img/favicon.ico HTTP/1.1" 200 15086
::1 - - [17/Jun/2024:15:38:16 +0300] "GET / HTTP/1.1" 200 2758
::1 - - [17/Jun/2024:15:38:16 +0300] "GET /img/logo.png HTTP/1.1" 200 9776
::1 - - [17/Jun/2024:15:38:16 +0300] "GET /img/favicon.ico HTTP/1.1" 200 15086
::1 - - [17/Jun/2024:15:38:54 +0300] "GET / HTTP/1.1" 200 2775
::1 - - [17/Jun/2024:15:38:54 +0300] "GET /img/logo.png HTTP/1.1" 200 9776
::1 - - [17/Jun/2024:15:38:54 +0300] "GET /img/favicon.ico HTTP/1.1" 200 15086
::1 - - [17/Jun/2024:15:40:05 +0300] "GET / HTTP/1.1" 200 2750
::1 - - [17/Jun/2024:15:40:05 +0300] "GET /img/logo.png HTTP/1.1" 200 9776
::1 - - [17/Jun/2024:15:40:05 +0300] "GET /img/favicon.ico HTTP/1.1" 200 15086
::1 - - [17/Jun/2024:15:41:31 +0300] "GET / HTTP/1.1" 200 2604
::1 - - [17/Jun/2024:15:41:31 +0300] "GET /img/logo.png HTTP/1.1" 200 9776
::1 - - [17/Jun/2024:15:41:31 +0300] "GET /img/favicon.ico HTTP/1.1" 200 15086
::1 - - [17/Jun/2024:15:42:11 +0300] "GET / HTTP/1.1" 200 2604
::1 - - [17/Jun/2024:15:42:11 +0300] "GET /img/logo.png HTTP/1.1" 200 9776
::1 - - [17/Jun/2024:15:42:11 +0300] "GET /img/favicon.ico HTTP/1.1" 200 15086
::1 - - [17/Jun/2024:15:42:12 +0300] "GET / HTTP/1.1" 200 2604
::1 - - [17/Jun/2024:15:42:12 +0300] "GET /img/logo.png HTTP/1.1" 200 9776
::1 - - [17/Jun/2024:15:42:12 +0300] "GET /img/favicon.ico HTTP/1.1" 200 15086
::1 - - [17/Jun/2024:15:42:16 +0300] "GET / HTTP/1.1" 200 2715
::1 - - [17/Jun/2024:15:42:16 +0300] "GET /img/logo.png HTTP/1.1" 200 9776
::1 - - [17/Jun/2024:15:42:16 +0300] "GET /img/favicon.ico HTTP/1.1" 200 15086
::1 - - [17/Jun/2024:15:44:37 +0300] "GET / HTTP/1.1" 200 2735
::1 - - [17/Jun/2024:15:44:37 +0300] "GET /img/logo.png HTTP/1.1" 200 9776
::1 - - [17/Jun/2024:15:44:37 +0300] "GET /img/favicon.ico HTTP/1.1" 200 15086
::1 - - [17/Jun/2024:15:44:37 +0300] "GET / HTTP/1.1" 200 2735
::1 - - [17/Jun/2024:15:44:37 +0300] "GET /img/logo.png HTTP/1.1" 200 9776
::1 - - [17/Jun/2024:15:44:37 +0300] "GET /img/favicon.ico HTTP/1.1" 200 15086
::1 - - [17/Jun/2024:15:45:10 +0300] "GET / HTTP/1.1" 200 2735
::1 - - [17/Jun/2024:15:45:10 +0300] "GET /img/logo.png HTTP/1.1" 200 9776
::1 - - [17/Jun/2024:15:45:10 +0300] "GET /img/favicon.ico HTTP/1.1" 200 15086
::1 - - [17/Jun/2024:15:46:39 +0300] "GET / HTTP/1.1" 200 2723
::1 - - [17/Jun/2024:15:46:39 +0300] "GET /img/logo.png HTTP/1.1" 200 9776
::1 - - [17/Jun/2024:15:46:39 +0300] "GET /img/favicon.ico HTTP/1.1" 200 15086
::1 - - [17/Jun/2024:15:49:41 +0300] "GET / HTTP/1.1" 200 2725
::1 - - [17/Jun/2024:15:49:41 +0300] "GET /img/logo.png HTTP/1.1" 200 9776
::1 - - [17/Jun/2024:15:49:41 +0300] "GET /img/favicon.ico HTTP/1.1" 200 15086
::1 - - [17/Jun/2024:15:50:11 +0300] "GET / HTTP/1.1" 200 2724
::1 - - [17/Jun/2024:15:50:11 +0300] "GET /img/logo.png HTTP/1.1" 200 9776
::1 - - [17/Jun/2024:15:50:11 +0300] "GET /img/favicon.ico HTTP/1.1" 200 15086
::1 - - [17/Jun/2024:15:59:06 +0300] "GET / HTTP/1.1" 200 2724
::1 - - [17/Jun/2024:15:59:06 +0300] "GET /img/logo.png HTTP/1.1" 200 9776
::1 - - [17/Jun/2024:15:59:36 +0300] "GET / HTTP/1.1" 200 2723
::1 - - [17/Jun/2024:15:59:36 +0300] "GET /img/logo.png HTTP/1.1" 200 9776
::1 - - [17/Jun/2024:15:59:36 +0300] "GET /img/favicon.ico HTTP/1.1" 200 15086
::1 - - [17/Jun/2024:15:59:37 +0300] "GET / HTTP/1.1" 200 2723
::1 - - [17/Jun/2024:15:59:37 +0300] "GET /img/logo.png HTTP/1.1" 200 9776
::1 - - [17/Jun/2024:15:59:53 +0300] "GET / HTTP/1.1" 200 2723
::1 - - [17/Jun/2024:15:59:53 +0300] "GET /img/logo.png HTTP/1.1" 200 9776
::1 - - [17/Jun/2024:15:59:53 +0300] "GET /img/favicon.ico HTTP/1.1" 200 15086
::1 - - [17/Jun/2024:16:00:00 +0300] "GET / HTTP/1.1" 200 2723
::1 - - [17/Jun/2024:16:00:00 +0300] "GET /img/logo.png HTTP/1.1" 200 9776
::1 - - [17/Jun/2024:16:00:00 +0300] "GET /img/favicon.ico HTTP/1.1" 200 15086
::1 - - [17/Jun/2024:16:00:01 +0300] "GET / HTTP/1.1" 200 2723
::1 - - [17/Jun/2024:16:00:01 +0300] "GET /img/logo.png HTTP/1.1" 200 9776
::1 - - [17/Jun/2024:16:00:04 +0300] "GET / HTTP/1.1" 200 2723
::1 - - [17/Jun/2024:16:00:04 +0300] "GET /img/logo.png HTTP/1.1" 200 9776
::1 - - [17/Jun/2024:16:00:05 +0300] "GET / HTTP/1.1" 200 2723
::1 - - [17/Jun/2024:16:00:05 +0300] "GET /img/logo.png HTTP/1.1" 200 9776
::1 - - [17/Jun/2024:17:54:29 +0300] "GET / HTTP/1.1" 200 2723
::1 - - [17/Jun/2024:17:54:30 +0300] "GET /img/logo.png HTTP/1.1" 200 9776
::1 - - [17/Jun/2024:18:25:30 +0300] "GET / HTTP/1.1" 200 2516
::1 - - [17/Jun/2024:18:25:30 +0300] "GET /img/logo.png HTTP/1.1" 200 9776
::1 - - [17/Jun/2024:18:25:30 +0300] "GET /img/favicon.ico HTTP/1.1" 200 15086
::1 - - [17/Jun/2024:18:27:15 +0300] "GET / HTTP/1.1" 200 2538
::1 - - [17/Jun/2024:18:27:15 +0300] "GET /img/logo.png HTTP/1.1" 200 9776
::1 - - [17/Jun/2024:18:27:15 +0300] "GET /img/favicon.ico HTTP/1.1" 200 15086
::1 - - [17/Jun/2024:18:29:13 +0300] "GET / HTTP/1.1" 200 2548
::1 - - [17/Jun/2024:18:29:13 +0300] "GET /img/logo.png HTTP/1.1" 200 9776
::1 - - [17/Jun/2024:18:29:13 +0300] "GET /img/favicon.ico HTTP/1.1" 200 15086
::1 - - [17/Jun/2024:18:29:15 +0300] "GET / HTTP/1.1" 200 2548
::1 - - [17/Jun/2024:18:29:16 +0300] "GET /img/logo.png HTTP/1.1" 200 9776
::1 - - [17/Jun/2024:18:29:45 +0300] "GET / HTTP/1.1" 200 2535
::1 - - [17/Jun/2024:18:29:45 +0300] "GET /img/logo.png HTTP/1.1" 200 9776
::1 - - [17/Jun/2024:18:29:45 +0300] "GET /img/favicon.ico HTTP/1.1" 200 15086
::1 - - [17/Jun/2024:18:29:47 +0300] "GET / HTTP/1.1" 200 2535
::1 - - [17/Jun/2024:18:29:47 +0300] "GET /img/logo.png HTTP/1.1" 200 9776
::1 - - [17/Jun/2024:18:29:49 +0300] "GET / HTTP/1.1" 200 2535
::1 - - [17/Jun/2024:18:29:49 +0300] "GET /img/logo.png HTTP/1.1" 200 9776
::1 - - [17/Jun/2024:18:30:25 +0300] "GET / HTTP/1.1" 200 2545
::1 - - [17/Jun/2024:18:30:25 +0300] "GET /img/logo.png HTTP/1.1" 200 9776
::1 - - [17/Jun/2024:18:30:25 +0300] "GET /img/favicon.ico HTTP/1.1" 200 15086
::1 - - [17/Jun/2024:18:30:26 +0300] "GET / HTTP/1.1" 200 2545
::1 - - [17/Jun/2024:18:30:26 +0300] "GET /img/logo.png HTTP/1.1" 200 9776
::1 - - [17/Jun/2024:18:30:26 +0300] "GET /img/favicon.ico HTTP/1.1" 200 15086
::1 - - [17/Jun/2024:18:30:41 +0300] "GET / HTTP/1.1" 200 2545
::1 - - [17/Jun/2024:18:30:41 +0300] "GET /img/logo.png HTTP/1.1" 200 9776
::1 - - [17/Jun/2024:18:31:40 +0300] "GET / HTTP/1.1" 200 2545
::1 - - [17/Jun/2024:18:31:40 +0300] "GET /img/logo.png HTTP/1.1" 200 9776
::1 - - [17/Jun/2024:18:32:18 +0300] "GET / HTTP/1.1" 200 2525
::1 - - [17/Jun/2024:18:32:18 +0300] "GET /img/logo.png HTTP/1.1" 200 9776
::1 - - [17/Jun/2024:18:32:18 +0300] "GET /img/favicon.ico HTTP/1.1" 200 15086
::1 - - [17/Jun/2024:18:32:20 +0300] "GET / HTTP/1.1" 200 2525
::1 - - [17/Jun/2024:18:32:20 +0300] "GET /img/logo.png HTTP/1.1" 200 9776
::1 - - [17/Jun/2024:18:32:22 +0300] "GET / HTTP/1.1" 200 2525
::1 - - [17/Jun/2024:18:32:22 +0300] "GET /img/logo.png HTTP/1.1" 200 9776
::1 - - [17/Jun/2024:18:32:24 +0300] "GET / HTTP/1.1" 200 2525
::1 - - [17/Jun/2024:18:32:24 +0300] "GET /img/logo.png HTTP/1.1" 200 9776
::1 - - [17/Jun/2024:18:33:05 +0300] "GET / HTTP/1.1" 200 2525
::1 - - [17/Jun/2024:18:33:05 +0300] "GET /img/logo.png HTTP/1.1" 200 9776
::1 - - [17/Jun/2024:18:35:13 +0300] "GET / HTTP/1.1" 200 2525
::1 - - [17/Jun/2024:18:35:13 +0300] "GET /img/logo.png HTTP/1.1" 200 9776
::1 - - [17/Jun/2024:18:37:52 +0300] "GET / HTTP/1.1" 200 3100
::1 - - [17/Jun/2024:18:37:52 +0300] "GET /img/logo.png HTTP/1.1" 200 9776
::1 - - [17/Jun/2024:18:37:52 +0300] "GET /img/favicon.ico HTTP/1.1" 200 15086
::1 - - [17/Jun/2024:18:39:15 +0300] "GET / HTTP/1.1" 200 6905
::1 - - [17/Jun/2024:18:39:15 +0300] "GET /img/logo.png HTTP/1.1" 200 9776
::1 - - [17/Jun/2024:18:39:15 +0300] "GET /images/logo-default-143x27.png HTTP/1.1" 200 3
::1 - - [17/Jun/2024:18:43:21 +0300] "GET / HTTP/1.1" 200 6905
::1 - - [17/Jun/2024:18:43:21 +0300] "GET /img/logo.png HTTP/1.1" 200 9776
::1 - - [17/Jun/2024:18:43:21 +0300] "GET /images/logo-default-143x27.png HTTP/1.1" 200 3
::1 - - [17/Jun/2024:18:43:21 +0300] "GET /img/favicon.ico HTTP/1.1" 200 15086
::1 - - [17/Jun/2024:18:45:59 +0300] "GET / HTTP/1.1" 200 3239
::1 - - [17/Jun/2024:18:45:59 +0300] "GET /img/logo.png HTTP/1.1" 200 9776
::1 - - [17/Jun/2024:18:46:00 +0300] "GET /img/favicon.ico HTTP/1.1" 200 15086
::1 - - [17/Jun/2024:18:46:34 +0300] "GET / HTTP/1.1" 200 3245
::1 - - [17/Jun/2024:18:46:34 +0300] "GET /img/logo.png HTTP/1.1" 200 9776
::1 - - [17/Jun/2024:18:46:34 +0300] "GET /img/favicon.ico HTTP/1.1" 200 15086
::1 - - [17/Jun/2024:18:48:09 +0300] "GET / HTTP/1.1" 200 3243
::1 - - [17/Jun/2024:18:48:09 +0300] "GET /img/logo.png HTTP/1.1" 200 9776
::1 - - [17/Jun/2024:18:48:09 +0300] "GET /img/favicon.ico HTTP/1.1" 200 15086
::1 - - [17/Jun/2024:18:48:39 +0300] "GET / HTTP/1.1" 200 3243
::1 - - [17/Jun/2024:18:48:39 +0300] "GET /img/logo.png HTTP/1.1" 200 9776
::1 - - [17/Jun/2024:18:48:39 +0300] "GET /img/favicon.ico HTTP/1.1" 200 15086
::1 - - [17/Jun/2024:18:49:15 +0300] "GET / HTTP/1.1" 200 3243
::1 - - [17/Jun/2024:18:49:15 +0300] "GET /img/logo.png HTTP/1.1" 200 9776
::1 - - [17/Jun/2024:18:49:15 +0300] "GET /img/favicon.ico HTTP/1.1" 200 15086
::1 - - [17/Jun/2024:18:49:26 +0300] "GET / HTTP/1.1" 200 3244
::1 - - [17/Jun/2024:18:49:26 +0300] "GET /img/logo.png HTTP/1.1" 200 9776
::1 - - [17/Jun/2024:18:49:26 +0300] "GET /img/favicon.ico HTTP/1.1" 200 15086
::1 - - [17/Jun/2024:18:49:27 +0300] "GET / HTTP/1.1" 200 3244
::1 - - [17/Jun/2024:18:49:27 +0300] "GET /img/logo.png HTTP/1.1" 200 9776
::1 - - [17/Jun/2024:18:49:27 +0300] "GET /img/favicon.ico HTTP/1.1" 200 15086
::1 - - [17/Jun/2024:18:50:15 +0300] "GET / HTTP/1.1" 200 3238
::1 - - [17/Jun/2024:18:50:15 +0300] "GET /img/logo.png HTTP/1.1" 200 9776
::1 - - [17/Jun/2024:18:50:15 +0300] "GET /img/favicon.ico HTTP/1.1" 200 15086
::1 - - [17/Jun/2024:18:50:16 +0300] "GET / HTTP/1.1" 200 3238
::1 - - [17/Jun/2024:18:50:16 +0300] "GET /img/logo.png HTTP/1.1" 200 9776
::1 - - [17/Jun/2024:18:50:17 +0300] "GET /img/favicon.ico HTTP/1.1" 200 15086
::1 - - [17/Jun/2024:18:50:56 +0300] "GET / HTTP/1.1" 200 3243
::1 - - [17/Jun/2024:18:50:56 +0300] "GET /img/logo.png HTTP/1.1" 200 9776
::1 - - [17/Jun/2024:18:50:56 +0300] "GET /img/favicon.ico HTTP/1.1" 200 15086
::1 - - [17/Jun/2024:18:52:19 +0300] "GET / HTTP/1.1" 200 3248
::1 - - [17/Jun/2024:18:52:19 +0300] "GET /img/logo.png HTTP/1.1" 200 9776
::1 - - [17/Jun/2024:18:52:19 +0300] "GET /img/favicon.ico HTTP/1.1" 200 15086
::1 - - [17/Jun/2024:18:52:39 +0300] "GET / HTTP/1.1" 200 3253
::1 - - [17/Jun/2024:18:52:39 +0300] "GET /img/logo.png HTTP/1.1" 200 9776
::1 - - [17/Jun/2024:18:52:39 +0300] "GET /img/favicon.ico HTTP/1.1" 200 15086
::1 - - [17/Jun/2024:18:52:59 +0300] "GET / HTTP/1.1" 200 3254
::1 - - [17/Jun/2024:18:52:59 +0300] "GET /img/logo.png HTTP/1.1" 200 9776
::1 - - [17/Jun/2024:18:52:59 +0300] "GET /img/favicon.ico HTTP/1.1" 200 15086
::1 - - [17/Jun/2024:18:53:52 +0300] "GET / HTTP/1.1" 200 3259
::1 - - [17/Jun/2024:18:53:52 +0300] "GET /img/logo.png HTTP/1.1" 200 9776
::1 - - [17/Jun/2024:18:53:52 +0300] "GET /img/favicon.ico HTTP/1.1" 200 15086
::1 - - [17/Jun/2024:18:53:53 +0300] "GET / HTTP/1.1" 200 3259
::1 - - [17/Jun/2024:18:53:53 +0300] "GET /img/logo.png HTTP/1.1" 200 9776
::1 - - [17/Jun/2024:18:53:53 +0300] "GET /img/favicon.ico HTTP/1.1" 200 15086
::1 - - [17/Jun/2024:18:53:54 +0300] "GET / HTTP/1.1" 200 3259
::1 - - [17/Jun/2024:18:53:54 +0300] "GET /img/logo.png HTTP/1.1" 200 9776
::1 - - [17/Jun/2024:18:53:54 +0300] "GET /img/favicon.ico HTTP/1.1" 200 15086
::1 - - [17/Jun/2024:18:54:04 +0300] "GET / HTTP/1.1" 200 3260
::1 - - [17/Jun/2024:18:54:04 +0300] "GET /img/logo.png HTTP/1.1" 200 9776
::1 - - [17/Jun/2024:18:54:04 +0300] "GET /img/favicon.ico HTTP/1.1" 200 15086
::1 - - [17/Jun/2024:18:54:24 +0300] "GET / HTTP/1.1" 200 3268
::1 - - [17/Jun/2024:18:54:24 +0300] "GET /img/logo.png HTTP/1.1" 200 9776
::1 - - [17/Jun/2024:18:54:24 +0300] "GET /img/favicon.ico HTTP/1.1" 200 15086
::1 - - [17/Jun/2024:18:54:55 +0300] "GET / HTTP/1.1" 200 3268
::1 - - [17/Jun/2024:18:54:55 +0300] "GET /img/logo.png HTTP/1.1" 200 9776
::1 - - [17/Jun/2024:18:54:55 +0300] "GET /img/favicon.ico HTTP/1.1" 200 15086
::1 - - [17/Jun/2024:18:54:56 +0300] "GET / HTTP/1.1" 200 3268
::1 - - [17/Jun/2024:18:54:56 +0300] "GET /img/logo.png HTTP/1.1" 200 9776
::1 - - [17/Jun/2024:18:54:56 +0300] "GET /img/favicon.ico HTTP/1.1" 200 15086
::1 - - [17/Jun/2024:18:54:56 +0300] "GET / HTTP/1.1" 200 3268
::1 - - [17/Jun/2024:18:54:56 +0300] "GET /img/logo.png HTTP/1.1" 200 9776
::1 - - [17/Jun/2024:18:54:57 +0300] "GET /img/favicon.ico HTTP/1.1" 200 15086
::1 - - [17/Jun/2024:18:55:59 +0300] "GET / HTTP/1.1" 200 3280
::1 - - [17/Jun/2024:18:55:59 +0300] "GET /img/logo.png HTTP/1.1" 200 9776
::1 - - [17/Jun/2024:18:55:59 +0300] "GET /img/favicon.ico HTTP/1.1" 200 15086
::1 - - [17/Jun/2024:18:56:26 +0300] "GET / HTTP/1.1" 200 3282
::1 - - [17/Jun/2024:18:56:26 +0300] "GET /img/logo.png HTTP/1.1" 200 9776
::1 - - [17/Jun/2024:18:56:26 +0300] "GET /img/favicon.ico HTTP/1.1" 200 15086
::1 - - [17/Jun/2024:18:56:54 +0300] "GET / HTTP/1.1" 200 3398
::1 - - [17/Jun/2024:18:56:54 +0300] "GET /img/logo.png HTTP/1.1" 200 9776
::1 - - [17/Jun/2024:18:56:54 +0300] "GET /img/favicon.ico HTTP/1.1" 200 15086
::1 - - [17/Jun/2024:18:57:24 +0300] "GET / HTTP/1.1" 200 3394
::1 - - [17/Jun/2024:18:57:24 +0300] "GET /img/logo.png HTTP/1.1" 200 9776
::1 - - [17/Jun/2024:18:57:24 +0300] "GET /img/favicon.ico HTTP/1.1" 200 15086
::1 - - [17/Jun/2024:18:57:46 +0300] "GET / HTTP/1.1" 200 3394
::1 - - [17/Jun/2024:18:57:46 +0300] "GET /img/logo.png HTTP/1.1" 200 9776
::1 - - [17/Jun/2024:18:57:46 +0300] "GET /img/favicon.ico HTTP/1.1" 200 15086
::1 - - [17/Jun/2024:18:58:59 +0300] "GET / HTTP/1.1" 200 3407
::1 - - [17/Jun/2024:18:58:59 +0300] "GET /img/logo.png HTTP/1.1" 200 9776
::1 - - [17/Jun/2024:18:59:00 +0300] "GET /img/favicon.ico HTTP/1.1" 200 15086
::1 - - [17/Jun/2024:19:00:59 +0300] "GET / HTTP/1.1" 200 3534
::1 - - [17/Jun/2024:19:00:59 +0300] "GET /img/logo.png HTTP/1.1" 200 9776
::1 - - [17/Jun/2024:19:00:59 +0300] "GET /img/favicon.ico HTTP/1.1" 200 15086
::1 - - [17/Jun/2024:19:01:10 +0300] "GET / HTTP/1.1" 200 3671
::1 - - [17/Jun/2024:19:01:10 +0300] "GET /img/logo.png HTTP/1.1" 200 9776
::1 - - [17/Jun/2024:19:01:10 +0300] "GET /img/favicon.ico HTTP/1.1" 200 15086
::1 - - [17/Jun/2024:19:01:31 +0300] "GET / HTTP/1.1" 200 3664
::1 - - [17/Jun/2024:19:01:31 +0300] "GET /img/logo.png HTTP/1.1" 200 9776
::1 - - [17/Jun/2024:19:01:31 +0300] "GET /img/favicon.ico HTTP/1.1" 200 15086
::1 - - [17/Jun/2024:19:01:32 +0300] "GET / HTTP/1.1" 200 3664
::1 - - [17/Jun/2024:19:01:32 +0300] "GET /img/logo.png HTTP/1.1" 200 9776
::1 - - [17/Jun/2024:19:01:32 +0300] "GET /img/favicon.ico HTTP/1.1" 200 15086
::1 - - [17/Jun/2024:19:02:01 +0300] "GET / HTTP/1.1" 200 3527
::1 - - [17/Jun/2024:19:02:01 +0300] "GET /img/logo.png HTTP/1.1" 200 9776
::1 - - [17/Jun/2024:19:02:01 +0300] "GET /img/favicon.ico HTTP/1.1" 200 15086
::1 - - [17/Jun/2024:19:03:07 +0300] "GET / HTTP/1.1" 200 3561
::1 - - [17/Jun/2024:19:03:07 +0300] "GET /img/logo.png HTTP/1.1" 200 9776
::1 - - [17/Jun/2024:19:03:07 +0300] "GET /img/favicon.ico HTTP/1.1" 200 15086
::1 - - [17/Jun/2024:19:03:07 +0300] "GET / HTTP/1.1" 200 3561
::1 - - [17/Jun/2024:19:03:07 +0300] "GET /img/logo.png HTTP/1.1" 200 9776
::1 - - [17/Jun/2024:19:03:08 +0300] "GET /img/favicon.ico HTTP/1.1" 200 15086
::1 - - [17/Jun/2024:19:03:36 +0300] "GET / HTTP/1.1" 200 3561
::1 - - [17/Jun/2024:19:03:36 +0300] "GET /img/logo.png HTTP/1.1" 200 9776
::1 - - [17/Jun/2024:19:03:36 +0300] "GET /img/favicon.ico HTTP/1.1" 200 15086
::1 - - [17/Jun/2024:19:04:25 +0300] "GET / HTTP/1.1" 200 3558
::1 - - [17/Jun/2024:19:04:25 +0300] "GET /img/logo.png HTTP/1.1" 200 9776
::1 - - [17/Jun/2024:19:04:26 +0300] "GET /img/favicon.ico HTTP/1.1" 200 15086
::1 - - [17/Jun/2024:19:04:26 +0300] "GET / HTTP/1.1" 200 3558
::1 - - [17/Jun/2024:19:04:26 +0300] "GET /img/logo.png HTTP/1.1" 200 9776
::1 - - [17/Jun/2024:19:04:26 +0300] "GET /img/favicon.ico HTTP/1.1" 200 15086
::1 - - [17/Jun/2024:19:04:42 +0300] "GET / HTTP/1.1" 200 3558
::1 - - [17/Jun/2024:19:04:42 +0300] "GET /img/logo.png HTTP/1.1" 200 9776
::1 - - [17/Jun/2024:19:04:45 +0300] "GET / HTTP/1.1" 200 3558
::1 - - [17/Jun/2024:19:04:45 +0300] "GET /img/logo.png HTTP/1.1" 200 9776
::1 - - [17/Jun/2024:19:04:47 +0300] "GET / HTTP/1.1" 200 3558
::1 - - [17/Jun/2024:19:04:47 +0300] "GET /img/logo.png HTTP/1.1" 200 9776
::1 - - [17/Jun/2024:19:04:50 +0300] "GET / HTTP/1.1" 200 3558
::1 - - [17/Jun/2024:19:04:50 +0300] "GET /img/logo.png HTTP/1.1" 200 9776
::1 - - [17/Jun/2024:19:05:57 +0300] "GET / HTTP/1.1" 200 3552
::1 - - [17/Jun/2024:19:05:57 +0300] "GET /img/logo.png HTTP/1.1" 200 9776
::1 - - [17/Jun/2024:19:05:57 +0300] "GET /img/favicon.ico HTTP/1.1" 200 15086
::1 - - [17/Jun/2024:19:06:18 +0300] "GET / HTTP/1.1" 200 3561
::1 - - [17/Jun/2024:19:06:18 +0300] "GET /img/logo.png HTTP/1.1" 200 9776
::1 - - [17/Jun/2024:19:06:18 +0300] "GET /img/favicon.ico HTTP/1.1" 200 15086
::1 - - [17/Jun/2024:19:07:32 +0300] "GET / HTTP/1.1" 200 3571
::1 - - [17/Jun/2024:19:07:32 +0300] "GET /img/logo.png HTTP/1.1" 200 9776
::1 - - [17/Jun/2024:19:07:32 +0300] "GET /img/favicon.ico HTTP/1.1" 200 15086
::1 - - [17/Jun/2024:19:07:53 +0300] "GET / HTTP/1.1" 200 3555
::1 - - [17/Jun/2024:19:07:53 +0300] "GET /img/logo.png HTTP/1.1" 200 9776
::1 - - [17/Jun/2024:19:07:53 +0300] "GET /img/favicon.ico HTTP/1.1" 200 15086
::1 - - [17/Jun/2024:19:09:39 +0300] "GET / HTTP/1.1" 200 3637
::1 - - [17/Jun/2024:19:09:39 +0300] "GET /img/logo.png HTTP/1.1" 200 9776
::1 - - [17/Jun/2024:19:09:39 +0300] "GET /img/favicon.ico HTTP/1.1" 200 15086
::1 - - [17/Jun/2024:19:10:41 +0300] "GET / HTTP/1.1" 200 3652
::1 - - [17/Jun/2024:19:10:42 +0300] "GET /img/logo.png HTTP/1.1" 200 9776
::1 - - [17/Jun/2024:19:10:42 +0300] "GET /img/favicon.ico HTTP/1.1" 200 15086
::1 - - [17/Jun/2024:19:12:01 +0300] "GET / HTTP/1.1" 200 3652
::1 - - [17/Jun/2024:19:12:01 +0300] "GET /img/logo.png HTTP/1.1" 200 9776
::1 - - [17/Jun/2024:19:12:01 +0300] "GET /img/favicon.ico HTTP/1.1" 200 15086
::1 - - [17/Jun/2024:19:12:03 +0300] "GET / HTTP/1.1" 200 3652
::1 - - [17/Jun/2024:19:12:04 +0300] "GET /img/logo.png HTTP/1.1" 200 9776
::1 - - [17/Jun/2024:19:14:15 +0300] "GET / HTTP/1.1" 200 3652
::1 - - [17/Jun/2024:19:14:15 +0300] "GET /img/logo.png HTTP/1.1" 200 9776
::1 - - [17/Jun/2024:19:14:15 +0300] "GET /img/favicon.ico HTTP/1.1" 200 15086
::1 - - [17/Jun/2024:19:16:04 +0300] "GET / HTTP/1.1" 200 3944
::1 - - [17/Jun/2024:19:16:04 +0300] "GET /img/logo.png HTTP/1.1" 200 9776
::1 - - [17/Jun/2024:19:16:04 +0300] "GET /img/favicon.ico HTTP/1.1" 200 15086
::1 - - [17/Jun/2024:19:17:00 +0300] "GET / HTTP/1.1" 200 3920
::1 - - [17/Jun/2024:19:17:00 +0300] "GET /img/logo.png HTTP/1.1" 200 9776
::1 - - [17/Jun/2024:19:17:00 +0300] "GET /img/favicon.ico HTTP/1.1" 200 15086
::1 - - [17/Jun/2024:19:18:33 +0300] "GET / HTTP/1.1" 200 4754
::1 - - [17/Jun/2024:19:18:33 +0300] "GET /img/logo.png HTTP/1.1" 200 9776
::1 - - [17/Jun/2024:19:18:34 +0300] "GET /img/favicon.ico HTTP/1.1" 200 15086
::1 - - [17/Jun/2024:19:19:41 +0300] "GET / HTTP/1.1" 200 4957
::1 - - [17/Jun/2024:19:19:41 +0300] "GET /img/logo.png HTTP/1.1" 200 9776
::1 - - [17/Jun/2024:19:19:42 +0300] "GET /img/favicon.ico HTTP/1.1" 200 15086
::1 - - [17/Jun/2024:19:19:44 +0300] "GET / HTTP/1.1" 200 4957
::1 - - [17/Jun/2024:19:19:44 +0300] "GET /img/logo.png HTTP/1.1" 200 9776
::1 - - [17/Jun/2024:19:19:44 +0300] "GET /img/favicon.ico HTTP/1.1" 200 15086
::1 - - [17/Jun/2024:19:21:58 +0300] "GET / HTTP/1.1" 200 4351
::1 - - [17/Jun/2024:19:21:58 +0300] "GET /img/logo.png HTTP/1.1" 200 9776
::1 - - [17/Jun/2024:19:21:58 +0300] "GET /img/favicon.ico HTTP/1.1" 200 15086
::1 - - [17/Jun/2024:19:22:30 +0300] "GET / HTTP/1.1" 200 4366
::1 - - [17/Jun/2024:19:22:30 +0300] "GET /img/logo.png HTTP/1.1" 200 9776
::1 - - [17/Jun/2024:19:22:30 +0300] "GET /img/favicon.ico HTTP/1.1" 200 15086
::1 - - [17/Jun/2024:19:23:09 +0300] "GET / HTTP/1.1" 200 4377
::1 - - [17/Jun/2024:19:23:09 +0300] "GET /img/logo.png HTTP/1.1" 200 9776
::1 - - [17/Jun/2024:19:23:09 +0300] "GET /img/favicon.ico HTTP/1.1" 200 15086
::1 - - [17/Jun/2024:19:25:53 +0300] "GET / HTTP/1.1" 200 4430
::1 - - [17/Jun/2024:19:25:53 +0300] "GET /img/logo.png HTTP/1.1" 200 9776
::1 - - [17/Jun/2024:19:25:53 +0300] "GET /css/main.css HTTP/1.1" 200 170
::1 - - [17/Jun/2024:19:25:53 +0300] "GET /img/favicon.ico HTTP/1.1" 200 15086
::1 - - [17/Jun/2024:19:26:58 +0300] "GET / HTTP/1.1" 200 4444
::1 - - [17/Jun/2024:19:26:58 +0300] "GET /css/main.css HTTP/1.1" 200 170
::1 - - [17/Jun/2024:19:26:58 +0300] "GET /img/logo.png HTTP/1.1" 200 9776
::1 - - [17/Jun/2024:19:26:58 +0300] "GET /img/favicon.ico HTTP/1.1" 200 15086
::1 - - [17/Jun/2024:19:27:19 +0300] "GET / HTTP/1.1" 200 4443
::1 - - [17/Jun/2024:19:27:19 +0300] "GET /css/main.css HTTP/1.1" 200 170
::1 - - [17/Jun/2024:19:27:19 +0300] "GET /img/logo.png HTTP/1.1" 200 9776
::1 - - [17/Jun/2024:19:27:19 +0300] "GET /img/favicon.ico HTTP/1.1" 200 15086
::1 - - [17/Jun/2024:19:28:15 +0300] "GET / HTTP/1.1" 200 4431
::1 - - [17/Jun/2024:19:28:15 +0300] "GET /css/main.css HTTP/1.1" 200 170
::1 - - [17/Jun/2024:19:28:15 +0300] "GET /img/logo.png HTTP/1.1" 200 9776
::1 - - [17/Jun/2024:19:28:15 +0300] "GET /img/favicon.ico HTTP/1.1" 200 15086
::1 - - [17/Jun/2024:19:28:42 +0300] "GET / HTTP/1.1" 200 4449
::1 - - [17/Jun/2024:19:28:42 +0300] "GET /css/main.css HTTP/1.1" 200 170
::1 - - [17/Jun/2024:19:28:42 +0300] "GET /img/logo.png HTTP/1.1" 200 9776
::1 - - [17/Jun/2024:19:28:42 +0300] "GET /img/favicon.ico HTTP/1.1" 200 15086
::1 - - [17/Jun/2024:19:28:56 +0300] "GET / HTTP/1.1" 200 4443
::1 - - [17/Jun/2024:19:28:56 +0300] "GET /css/main.css HTTP/1.1" 200 170
::1 - - [17/Jun/2024:19:28:56 +0300] "GET /img/logo.png HTTP/1.1" 200 9776
::1 - - [17/Jun/2024:19:28:56 +0300] "GET /img/favicon.ico HTTP/1.1" 200 15086
::1 - - [17/Jun/2024:19:30:07 +0300] "GET / HTTP/1.1" 200 5046
::1 - - [17/Jun/2024:19:30:07 +0300] "GET /css/main.css HTTP/1.1" 200 170
::1 - - [17/Jun/2024:19:30:07 +0300] "GET /img/logo.png HTTP/1.1" 200 9776
::1 - - [17/Jun/2024:19:30:07 +0300] "GET /img/favicon.ico HTTP/1.1" 200 15086
::1 - - [17/Jun/2024:19:32:32 +0300] "GET / HTTP/1.1" 200 5088
::1 - - [17/Jun/2024:19:32:32 +0300] "GET /img/logo.png HTTP/1.1" 200 9776
::1 - - [17/Jun/2024:19:32:32 +0300] "GET /css/main.css HTTP/1.1" 200 34
::1 - - [17/Jun/2024:19:32:32 +0300] "GET /img/favicon.ico HTTP/1.1" 200 15086
::1 - - [17/Jun/2024:19:33:34 +0300] "GET / HTTP/1.1" 200 5011
::1 - - [17/Jun/2024:19:33:34 +0300] "GET /css/main.css HTTP/1.1" 200 34
::1 - - [17/Jun/2024:19:33:34 +0300] "GET /img/logo.png HTTP/1.1" 200 9776
::1 - - [17/Jun/2024:19:33:34 +0300] "GET /img/favicon.ico HTTP/1.1" 200 15086
::1 - - [17/Jun/2024:19:35:38 +0300] "GET / HTTP/1.1" 200 5011
::1 - - [17/Jun/2024:19:35:38 +0300] "GET /img/logo.png HTTP/1.1" 200 9776
::1 - - [17/Jun/2024:19:35:38 +0300] "GET /css/main.css HTTP/1.1" 200 144
::1 - - [17/Jun/2024:19:35:39 +0300] "GET /img/favicon.ico HTTP/1.1" 200 15086
::1 - - [17/Jun/2024:19:35:39 +0300] "GET / HTTP/1.1" 200 5011
::1 - - [17/Jun/2024:19:35:39 +0300] "GET /css/main.css HTTP/1.1" 200 144
::1 - - [17/Jun/2024:19:35:39 +0300] "GET /img/logo.png HTTP/1.1" 200 9776
::1 - - [17/Jun/2024:19:35:39 +0300] "GET /img/favicon.ico HTTP/1.1" 200 15086
::1 - - [17/Jun/2024:19:35:57 +0300] "GET / HTTP/1.1" 200 5028
::1 - - [17/Jun/2024:19:35:57 +0300] "GET /css/main.css HTTP/1.1" 200 144
::1 - - [17/Jun/2024:19:35:57 +0300] "GET /img/logo.png HTTP/1.1" 200 9776
::1 - - [17/Jun/2024:19:35:57 +0300] "GET /img/favicon.ico HTTP/1.1" 200 15086
::1 - - [17/Jun/2024:19:36:24 +0300] "GET / HTTP/1.1" 200 5040
::1 - - [17/Jun/2024:19:36:24 +0300] "GET /css/main.css HTTP/1.1" 200 144
::1 - - [17/Jun/2024:19:36:24 +0300] "GET /img/logo.png HTTP/1.1" 200 9776
::1 - - [17/Jun/2024:19:36:24 +0300] "GET /img/favicon.ico HTTP/1.1" 200 15086
::1 - - [17/Jun/2024:19:36:54 +0300] "GET / HTTP/1.1" 200 28270
::1 - - [17/Jun/2024:19:36:54 +0300] "GET /css/main.css HTTP/1.1" 200 144
::1 - - [17/Jun/2024:19:36:54 +0300] "GET /img/logo.png HTTP/1.1" 200 9776
::1 - - [17/Jun/2024:19:36:55 +0300] "GET /img/favicon.ico HTTP/1.1" 200 15086
::1 - - [17/Jun/2024:19:37:32 +0300] "GET / HTTP/1.1" 200 28274
::1 - - [17/Jun/2024:19:37:32 +0300] "GET /css/main.css HTTP/1.1" 200 144
::1 - - [17/Jun/2024:19:37:32 +0300] "GET /img/logo.png HTTP/1.1" 200 9776
::1 - - [17/Jun/2024:19:37:32 +0300] "GET /img/favicon.ico HTTP/1.1" 200 15086
::1 - - [17/Jun/2024:19:37:47 +0300] "GET / HTTP/1.1" 200 28281
::1 - - [17/Jun/2024:19:37:47 +0300] "GET /css/main.css HTTP/1.1" 200 144
::1 - - [17/Jun/2024:19:37:47 +0300] "GET /img/logo.png HTTP/1.1" 200 9776
::1 - - [17/Jun/2024:19:37:47 +0300] "GET /img/favicon.ico HTTP/1.1" 200 15086
::1 - - [17/Jun/2024:19:38:55 +0300] "GET / HTTP/1.1" 200 12596
::1 - - [17/Jun/2024:19:38:55 +0300] "GET /css/main.css HTTP/1.1" 200 144
::1 - - [17/Jun/2024:19:38:55 +0300] "GET /img/logo.png HTTP/1.1" 200 9776
::1 - - [17/Jun/2024:19:38:55 +0300] "GET /img/favicon.ico HTTP/1.1" 200 15086
::1 - - [17/Jun/2024:19:40:18 +0300] "GET / HTTP/1.1" 200 12597
::1 - - [17/Jun/2024:19:40:19 +0300] "GET /img/logo.png HTTP/1.1" 200 9776
::1 - - [17/Jun/2024:19:40:19 +0300] "GET /css/main.css HTTP/1.1" 200 179
::1 - - [17/Jun/2024:19:40:19 +0300] "GET /img/favicon.ico HTTP/1.1" 200 15086
::1 - - [17/Jun/2024:19:40:43 +0300] "GET / HTTP/1.1" 200 12610
::1 - - [17/Jun/2024:19:40:43 +0300] "GET /css/main.css HTTP/1.1" 200 179
::1 - - [17/Jun/2024:19:40:43 +0300] "GET /img/logo.png HTTP/1.1" 200 9776
::1 - - [17/Jun/2024:19:40:43 +0300] "GET /img/favicon.ico HTTP/1.1" 200 15086
::1 - - [17/Jun/2024:19:41:27 +0300] "GET / HTTP/1.1" 200 12605
::1 - - [17/Jun/2024:19:41:27 +0300] "GET /css/main.css HTTP/1.1" 200 179
::1 - - [17/Jun/2024:19:41:27 +0300] "GET /img/logo.png HTTP/1.1" 200 9776
::1 - - [17/Jun/2024:19:41:27 +0300] "GET /img/favicon.ico HTTP/1.1" 200 15086
::1 - - [17/Jun/2024:19:41:38 +0300] "GET / HTTP/1.1" 200 12610
::1 - - [17/Jun/2024:19:41:38 +0300] "GET /css/main.css HTTP/1.1" 200 179
::1 - - [17/Jun/2024:19:41:38 +0300] "GET /img/logo.png HTTP/1.1" 200 9776
::1 - - [17/Jun/2024:19:41:38 +0300] "GET /img/favicon.ico HTTP/1.1" 200 15086
::1 - - [17/Jun/2024:19:41:39 +0300] "GET / HTTP/1.1" 200 12610
::1 - - [17/Jun/2024:19:41:39 +0300] "GET /css/main.css HTTP/1.1" 200 179
::1 - - [17/Jun/2024:19:41:39 +0300] "GET /img/logo.png HTTP/1.1" 200 9776
::1 - - [17/Jun/2024:19:41:39 +0300] "GET /img/favicon.ico HTTP/1.1" 200 15086
::1 - - [17/Jun/2024:19:41:49 +0300] "GET / HTTP/1.1" 200 12610
::1 - - [17/Jun/2024:19:41:49 +0300] "GET /css/main.css HTTP/1.1" 200 179
::1 - - [17/Jun/2024:19:41:49 +0300] "GET /img/logo.png HTTP/1.1" 200 9776
::1 - - [17/Jun/2024:19:41:49 +0300] "GET /img/favicon.ico HTTP/1.1" 200 15086
::1 - - [17/Jun/2024:19:41:50 +0300] "GET / HTTP/1.1" 200 12610
::1 - - [17/Jun/2024:19:41:50 +0300] "GET /css/main.css HTTP/1.1" 200 179
::1 - - [17/Jun/2024:19:41:50 +0300] "GET /img/logo.png HTTP/1.1" 200 9776
::1 - - [17/Jun/2024:19:41:50 +0300] "GET /img/favicon.ico HTTP/1.1" 200 15086
::1 - - [17/Jun/2024:19:41:50 +0300] "GET / HTTP/1.1" 200 12610
::1 - - [17/Jun/2024:19:41:50 +0300] "GET /css/main.css HTTP/1.1" 200 179
::1 - - [17/Jun/2024:19:41:50 +0300] "GET /img/logo.png HTTP/1.1" 200 9776
::1 - - [17/Jun/2024:19:41:51 +0300] "GET /img/favicon.ico HTTP/1.1" 200 15086
::1 - - [17/Jun/2024:19:42:26 +0300] "GET / HTTP/1.1" 200 9915
::1 - - [17/Jun/2024:19:42:26 +0300] "GET /css/main.css HTTP/1.1" 200 179
::1 - - [17/Jun/2024:19:42:26 +0300] "GET /img/logo.png HTTP/1.1" 200 9776
::1 - - [17/Jun/2024:19:42:26 +0300] "GET /img/favicon.ico HTTP/1.1" 200 15086
::1 - - [17/Jun/2024:19:42:34 +0300] "GET /home/intro HTTP/1.1" 200 3
::1 - - [17/Jun/2024:19:43:12 +0300] "GET / HTTP/1.1" 200 9908
::1 - - [17/Jun/2024:19:43:12 +0300] "GET /css/main.css HTTP/1.1" 200 179
::1 - - [17/Jun/2024:19:43:12 +0300] "GET /img/logo.png HTTP/1.1" 200 9776
::1 - - [17/Jun/2024:19:43:12 +0300] "GET /img/favicon.ico HTTP/1.1" 200 15086
::1 - - [17/Jun/2024:19:43:13 +0300] "GET /main/about HTTP/1.1" 200 39
::1 - - [17/Jun/2024:19:43:17 +0300] "GET /main/contacts HTTP/1.1" 200 42
::1 - - [17/Jun/2024:19:43:20 +0300] "GET / HTTP/1.1" 200 9908
::1 - - [17/Jun/2024:19:43:20 +0300] "GET /css/main.css HTTP/1.1" 200 179
::1 - - [17/Jun/2024:19:43:20 +0300] "GET /img/logo.png HTTP/1.1" 200 9776
